01:16:52.253 [main                     ] DEBUG Logger               - Configured Logger
01:16:52.275 [main                     ] DEBUG GameApplication      - Logging settings
Title: 卡牌冒险
Version: 0.1
Width: 1900
Height: 980
Fullscreen: false
Intro: false
Profiling: false
Single step:false
App Mode: DEVELOPER
Menu Key: ESCAPE
Stage Style: DECORATED
Scene Factory: class com.almasb.fxgl.app.scene.SceneFactory

01:16:52.665 [JavaFX Application Thread] DEBUG FXGLApplication      - Initializing FXGL
01:16:52.669 [JavaFX Application Thread] INFO  Engine               - FXGL-17.3 (30.03.2023 11.49) on WINDOWS (J:17.0.6 FX:20)
01:16:52.669 [JavaFX Application Thread] DEBUG Engine               - JRE Vendor Name: Oracle Corporation
01:16:52.669 [JavaFX Application Thread] DEBUG Engine               - Running on OS: Windows 11 version 10.0
01:16:52.669 [JavaFX Application Thread] DEBUG Engine               - Architecture: amd64
01:16:52.669 [JavaFX Application Thread] INFO  Engine               - Source code and latest versions at: https://github.com/AlmasB/FXGL
01:16:52.670 [JavaFX Application Thread] INFO  Engine               -       Ask questions and discuss at: https://github.com/AlmasB/FXGL/discussions
01:16:52.670 [JavaFX Application Thread] INFO  Engine               -              Join the FXGL chat at: https://gitter.im/AlmasB/FXGL
01:16:52.743 [JavaFX Application Thread] DEBUG PrimaryStageWindow   - Creating a JavaFX scene
01:16:52.743 [JavaFX Application Thread] DEBUG PrimaryStageWindow   - Target size > screen size
01:16:52.779 [JavaFX Application Thread] DEBUG PrimaryStageWindow   - Target settings size: 1900.0 x 980.0
01:16:52.779 [JavaFX Application Thread] DEBUG PrimaryStageWindow   - Scaled scene size:    1682.0 x 880.0
01:16:52.779 [JavaFX Application Thread] DEBUG PrimaryStageWindow   - Scaled ratio: (0.8852631578947369, 0.8979591836734694)
01:16:52.781 [JavaFX Application Thread] DEBUG PrimaryStageWindow   - Set initial scene to FXGLStartupScene
01:16:52.785 [JavaFX Application Thread] DEBUG PrimaryStageWindow   - Opening main window
01:16:52.865 [JavaFX Application Thread] DEBUG PrimaryStageWindow   - Window border size: (14.6666259765625, 37.33331298828125)
01:16:52.865 [JavaFX Application Thread] DEBUG PrimaryStageWindow   - Scaled size: 1682.0 x 880.0
01:16:52.865 [JavaFX Application Thread] DEBUG PrimaryStageWindow   - Scaled ratio: (0.8852631578947369, 0.8979591836734694)
01:16:52.865 [JavaFX Application Thread] DEBUG PrimaryStageWindow   - Scene size: 1682.0 x 880.0
01:16:52.865 [JavaFX Application Thread] DEBUG PrimaryStageWindow   - Stage size: 1696.6666259765625 x 917.3333129882812
01:16:52.870 [FXGL Background Thread 1 ] DEBUG Engine               - Initializing environment variables
01:16:52.894 [FXGL Background Thread 1 ] DEBUG FXGLAssetLoaderServi - User app class for loading assets: class com.hjc.CardAdventure.CardAdventureApp
01:16:52.894 [FXGL Background Thread 1 ] DEBUG GameApplicationServi - Applying CSS: fxgl_dark.css
01:16:52.895 [FXGL Background Thread 1 ] DEBUG FXGLAssetLoaderServi - Loading from file system: jar:file:///C:/Users/HJC/.m2/repository/com/github/almasb/fxgl/17.3/fxgl-17.3.jar!/fxglassets/ui/css/fxgl_dark.css
01:16:52.933 [FXGL Background Thread 1 ] DEBUG GameApplicationServi - Initializing application scenes
01:16:53.009 [FXGL Background Thread 1 ] DEBUG GameWorld            - Game world initialized
01:16:53.074 [FXGL Background Thread 1 ] DEBUG PhysicsWorld         - Physics world initialized: appHeight=980, physics.ppm=50.0
01:16:53.076 [FXGL Background Thread 1 ] DEBUG PhysicsWorld         - Using strategy: BRUTE_FORCE
01:16:53.080 [FXGL Background Thread 1 ] DEBUG GameScene            - Game scene initialized: 1900x980
01:16:53.096 [FXGL Background Thread 1 ] DEBUG FXGL.DefaultMenu     - createMenuBodyGameMenu()
01:16:53.105 [FXGL Background Thread 1 ] DEBUG FXGL.DefaultMenu     - createOptionsMenu()
01:16:53.114 [FXGL Background Thread 1 ] DEBUG FXGLAssetLoaderServi - Loading from file system: jar:file:///C:/Users/HJC/.m2/repository/com/github/almasb/fxgl/17.3/fxgl-17.3.jar!/fxglassets/textures/particles/smoke.png
01:16:53.203 [FXGL Background Thread 1 ] DEBUG FXGLAssetLoaderServi - Loading from file system: jar:file:///C:/Users/HJC/.m2/repository/com/github/almasb/fxgl/17.3/fxgl-17.3.jar!/fxglassets/textures/particles/trace_horizontal.png
01:16:53.223 [FXGL Background Thread 1 ] DEBUG GameApplicationServi - Application scenes initialized
01:16:53.233 [FXGL Background Thread 1 ] DEBUG SystemBundleService  - Loading FXGL system data
01:16:53.234 [FXGL Background Thread 1 ] DEBUG FileSystemAccess     - Reading from: D:\Project\MAVEN_PROJECT\CardAdventure\system\fxgl.bundle
01:16:53.238 [FXGL Background Thread 1 ] DEBUG SystemBundleService  - Bundle FXGL: {}
01:16:53.239 [FXGL Background Thread 1 ] DEBUG UpdaterService       - Checking for updates
01:16:53.242 [FXGL Background Thread 4 ] DEBUG FXGLApplication      - Loading fonts
01:16:53.243 [FXGL Background Thread 4 ] DEBUG FXGLAssetLoaderServi - Loading from file system: jar:file:///C:/Users/HJC/.m2/repository/com/github/almasb/fxgl/17.3/fxgl-17.3.jar!/fxglassets/ui/fonts/VarelaRound-Regular.ttf
01:16:53.243 [FXGL Background Thread 1 ] DEBUG FXGLApplication      - Loading default localization
01:16:53.244 [FXGL Background Thread 1 ] DEBUG FXGLAssetLoaderServi - Loading from file system: file:/D:/Project/MAVEN_PROJECT/CardAdventure/target/classes/assets/languages/chinese.lang
01:16:53.250 [FXGL Background Thread 4 ] DEBUG FXGLAssetLoaderServi - Loading from file system: jar:file:///C:/Users/HJC/.m2/repository/com/github/almasb/fxgl/17.3/fxgl-17.3.jar!/fxglassets/ui/fonts/Abel-Regular.ttf
01:16:53.253 [FXGL Background Thread 4 ] DEBUG FXGLAssetLoaderServi - Loading from file system: jar:file:///C:/Users/HJC/.m2/repository/com/github/almasb/fxgl/17.3/fxgl-17.3.jar!/fxglassets/ui/fonts/TerminalLandMono-Regular.otf
01:16:53.255 [FXGL Background Thread 4 ] DEBUG FXGLAssetLoaderServi - Loading from file system: jar:file:///C:/Users/HJC/.m2/repository/com/github/almasb/fxgl/17.3/fxgl-17.3.jar!/fxglassets/ui/fonts/Courier-Prime.ttf
01:16:53.260 [JavaFX Application Thread] DEBUG FXGLApplication      - Registering font factories with UI factory
01:16:53.294 [FXGL Background Thread 1 ] INFO  FXGLApplication      - FXGL initialization took: 0.424 sec
01:16:53.295 [JavaFX Application Thread] DEBUG FXGLAssetLoaderServi - Loading from file system: file:/D:/Project/MAVEN_PROJECT/CardAdventure/target/classes/assets/textures/role/enemy/forestWolf.png
01:16:53.306 [JavaFX Application Thread] DEBUG FXGLAssetLoaderServi - Loading from file system: jar:file:///C:/Users/HJC/.m2/repository/com/github/almasb/fxgl/17.3/fxgl-17.3.jar!/fxglassets/textures/fxgl_default_cursor.png
01:16:53.328 [JavaFX Application Thread] DEBUG Input                - Registered new binding: Screenshot - CTRL+8
01:16:53.329 [JavaFX Application Thread] DEBUG Input                - Registered new binding: System info dump - CTRL+9
01:16:53.329 [JavaFX Application Thread] DEBUG Input                - Registered new binding: Restart - CTRL+R
01:16:53.330 [JavaFX Application Thread] DEBUG Input                - Registered new binding: Toggle Debug Camera - CTRL+7
01:16:53.332 [JavaFX Application Thread] DEBUG LoopRunner           - Starting loop
01:16:53.332 [JavaFX Application Thread] DEBUG LoopRunner           - Initializing JavaFX AnimationTimerLoop
01:16:53.333 [JavaFX Application Thread] DEBUG GameApplicationServi - Starting new game
01:16:53.334 [JavaFX Application Thread] DEBUG Input                - Clearing active input actions
01:16:53.346 [JavaFX Application Thread] DEBUG GameApplicationServi - Removing overlay from FXGLStartupScene and adding to FXGLLoadingScene
01:16:53.346 [JavaFX Application Thread] DEBUG PrimaryStageWindow   - FXGLStartupScene -> FXGLLoadingScene
01:16:53.346 [JavaFX Application Thread] DEBUG GameApplicationServi - Clearing previous game
01:16:53.346 [JavaFX Application Thread] DEBUG GameScene            - Clearing game scene
01:16:53.347 [JavaFX Application Thread] DEBUG GameWorld            - Clearing game world
01:16:53.347 [JavaFX Application Thread] DEBUG PhysicsWorld         - Clearing physics world
01:16:53.348 [FXGL Background Thread 1 ] DEBUG FXGLApplication      - Initializing game
01:16:53.362 [FXGL Background Thread 1 ] DEBUG FXGLAssetLoaderServi - Loading JSON from: file:/D:/Project/MAVEN_PROJECT/CardAdventure/target/classes/assets/data/player/soldier.json
01:16:53.573 [FXGL Background Thread 1 ] DEBUG FXGLAssetLoaderServi - Loading from file system: file:/D:/Project/MAVEN_PROJECT/CardAdventure/target/classes/assets/textures/information/playerBlood.png
01:16:53.577 [FXGL Background Thread 1 ] DEBUG FXGLAssetLoaderServi - Loading from file system: file:/D:/Project/MAVEN_PROJECT/CardAdventure/target/classes/assets/textures/information/gold.png
01:16:53.587 [FXGL Background Thread 1 ] DEBUG FXGLAssetLoaderServi - Loading JSON from: file:/D:/Project/MAVEN_PROJECT/CardAdventure/target/classes/assets/data/configuration/forest/spring.json
01:16:53.598 [FXGL Background Thread 1 ] DEBUG FXGLAssetLoaderServi - Loading JSON from: file:/D:/Project/MAVEN_PROJECT/CardAdventure/target/classes/assets/data/enemy/forestWolf1.json
01:16:53.609 [FXGL Background Thread 1 ] DEBUG FXGLAssetLoaderServi - Loading JSON from: file:/D:/Project/MAVEN_PROJECT/CardAdventure/target/classes/assets/data/configuration/intention/forestWolf1.json
01:16:53.614 [FXGL Background Thread 1 ] DEBUG FXGLAssetLoaderServi - Loading JSON from: file:/D:/Project/MAVEN_PROJECT/CardAdventure/target/classes/assets/data/enemy/forestWolf1.json
01:16:53.621 [FXGL Background Thread 1 ] DEBUG FXGLAssetLoaderServi - Loading JSON from: file:/D:/Project/MAVEN_PROJECT/CardAdventure/target/classes/assets/data/configuration/intention/forestWolf1.json
01:16:53.623 [FXGL Background Thread 1 ] DEBUG FXGLAssetLoaderServi - Loading JSON from: file:/D:/Project/MAVEN_PROJECT/CardAdventure/target/classes/assets/data/enemy/forestWolf1.json
01:16:53.629 [FXGL Background Thread 1 ] DEBUG FXGLAssetLoaderServi - Loading JSON from: file:/D:/Project/MAVEN_PROJECT/CardAdventure/target/classes/assets/data/configuration/intention/forestWolf1.json
01:16:53.632 [FXGL Background Thread 1 ] DEBUG FXGLAssetLoaderServi - Loading JSON from: file:/D:/Project/MAVEN_PROJECT/CardAdventure/target/classes/assets/data/enemy/forestWolf1.json
01:16:53.637 [FXGL Background Thread 1 ] DEBUG FXGLAssetLoaderServi - Loading JSON from: file:/D:/Project/MAVEN_PROJECT/CardAdventure/target/classes/assets/data/configuration/intention/forestWolf1.json
01:16:53.639 [FXGL Background Thread 1 ] DEBUG FXGLAssetLoaderServi - Loading JSON from: file:/D:/Project/MAVEN_PROJECT/CardAdventure/target/classes/assets/data/enemy/forestWolf1.json
01:16:53.644 [FXGL Background Thread 1 ] DEBUG FXGLAssetLoaderServi - Loading JSON from: file:/D:/Project/MAVEN_PROJECT/CardAdventure/target/classes/assets/data/configuration/intention/forestWolf1.json
01:16:53.652 [FXGL Background Thread 1 ] DEBUG FXGLAssetLoaderServi - Loading from file system: file:/D:/Project/MAVEN_PROJECT/CardAdventure/target/classes/assets/textures/battle/playerAttributeBox.png
01:16:53.685 [FXGL Background Thread 1 ] DEBUG FXGLAssetLoaderServi - Loading from file system: file:/D:/Project/MAVEN_PROJECT/CardAdventure/target/classes/assets/textures/battle/cardBox.png
01:16:53.697 [FXGL Background Thread 1 ] DEBUG FXGLAssetLoaderServi - Loading from file system: file:/D:/Project/MAVEN_PROJECT/CardAdventure/target/classes/assets/textures/cardBack/cardBackRed.png
01:16:53.715 [FXGL Background Thread 1 ] DEBUG FXGLAssetLoaderServi - Loading from file system: file:/D:/Project/MAVEN_PROJECT/CardAdventure/target/classes/assets/textures/battle/buttonDark.png
01:16:53.724 [FXGL Background Thread 1 ] DEBUG FXGLAssetLoaderServi - Loading from file system: file:/D:/Project/MAVEN_PROJECT/CardAdventure/target/classes/assets/textures/battle/hourglass.png
01:16:53.990 [FXGL Background Thread 1 ] DEBUG FXGLAssetLoaderServi - Loading from file system: file:/D:/Project/MAVEN_PROJECT/CardAdventure/target/classes/assets/textures/role/targetDark.png
01:16:53.996 [FXGL Background Thread 1 ] DEBUG FXGLAssetLoaderServi - Loading from file system: file:/D:/Project/MAVEN_PROJECT/CardAdventure/target/classes/assets/textures/role/player/soldier.png
01:16:53.999 [FXGL Background Thread 1 ] DEBUG FXGLAssetLoaderServi - Loading from file system: file:/D:/Project/MAVEN_PROJECT/CardAdventure/target/classes/assets/textures/role/enemy/forestWolf.png
01:16:54.002 [FXGL Background Thread 1 ] INFO  FXGLApplication      - Game initialization took: 0.654 sec
01:16:54.005 [JavaFX Application Thread] DEBUG Input                - Clearing active input actions
01:16:54.014 [JavaFX Application Thread] DEBUG GameApplicationServi - Removing overlay from FXGLLoadingScene and adding to GameScene
01:16:54.014 [JavaFX Application Thread] DEBUG PrimaryStageWindow   - FXGLLoadingScene -> GameScene
01:16:56.242 [FXGL Background Thread 3 ] DEBUG Engine               - Logging environment variables
01:16:56.243 [FXGL Background Thread 3 ] DEBUG Engine               - achievements: []
01:16:56.243 [FXGL Background Thread 3 ] DEBUG Engine               - actualHeight: 880.0
01:16:56.243 [FXGL Background Thread 3 ] DEBUG Engine               - actualHeightProperty: ReadOnlyDoubleProperty [value: 880.0]
01:16:56.244 [FXGL Background Thread 3 ] DEBUG Engine               - actualWidth: 1682.0
01:16:56.244 [FXGL Background Thread 3 ] DEBUG Engine               - actualWidthProperty: ReadOnlyDoubleProperty [value: 1682.0]
01:16:56.244 [FXGL Background Thread 3 ] DEBUG Engine               - appIcon: role/enemy/forestWolf.png
01:16:56.244 [FXGL Background Thread 3 ] DEBUG Engine               - applicationMode: DEVELOPER
01:16:56.245 [FXGL Background Thread 3 ] DEBUG Engine               - cSSList: [fxgl_dark.css]
01:16:56.245 [FXGL Background Thread 3 ] DEBUG Engine               - collisionDetectionStrategy: BRUTE_FORCE
01:16:56.245 [FXGL Background Thread 3 ] DEBUG Engine               - configClass: Optional.empty
01:16:56.245 [FXGL Background Thread 3 ] DEBUG Engine               - credits: []
01:16:56.245 [FXGL Background Thread 3 ] DEBUG Engine               - defaultCursor: CursorInfo(imageName=fxgl_default_cursor.png, hotspotX=7.0, hotspotY=6.0)
01:16:56.245 [FXGL Background Thread 3 ] DEBUG Engine               - devBBoxColorProperty: ObjectProperty [value: 0xff0000ff]
01:16:56.245 [FXGL Background Thread 3 ] DEBUG Engine               - devEnableDebugCameraProperty: BooleanProperty [value: false]
01:16:56.245 [FXGL Background Thread 3 ] DEBUG Engine               - devSensorColorProperty: ObjectProperty [value: 0xffff00ff]
01:16:56.245 [FXGL Background Thread 3 ] DEBUG Engine               - devShowBBoxProperty: BooleanProperty [value: false]
01:16:56.245 [FXGL Background Thread 3 ] DEBUG Engine               - devShowPositionProperty: BooleanProperty [value: false]
01:16:56.246 [FXGL Background Thread 3 ] DEBUG Engine               - enabledMenuItems: []
01:16:56.248 [FXGL Background Thread 3 ] DEBUG Engine               - engineServices: [class com.almasb.fxgl.app.services.FXGLAssetLoaderService, class com.almasb.fxgl.app.FXGLApplication$GameApplicationService, class com.almasb.fxgl.app.services.FXGLDialogService, class com.almasb.fxgl.app.services.IOTaskExecutorService, class com.almasb.fxgl.io.FileSystemService, class com.almasb.fxgl.localization.LocalizationService, class com.almasb.fxgl.app.services.SystemBundleService, class com.almasb.fxgl.profile.SaveLoadService, class com.almasb.fxgl.ui.FXGLUIFactoryServiceProvider, class com.almasb.fxgl.ui.FXGLDialogFactoryServiceProvider, class com.almasb.fxgl.audio.AudioPlayer, class com.almasb.fxgl.notification.impl.NotificationServiceProvider, class com.almasb.fxgl.achievement.AchievementService, class com.almasb.fxgl.cutscene.CutsceneService, class com.almasb.fxgl.minigames.MiniGameService, class com.almasb.fxgl.net.NetService, class com.almasb.fxgl.app.services.UpdaterService, class com.almasb.fxgl.dev.DevService]
01:16:56.248 [FXGL Background Thread 3 ] DEBUG Engine               - fontGame: Abel-Regular.ttf
01:16:56.248 [FXGL Background Thread 3 ] DEBUG Engine               - fontMono: TerminalLandMono-Regular.otf
01:16:56.248 [FXGL Background Thread 3 ] DEBUG Engine               - fontSizeScaleUI: 1.0
01:16:56.248 [FXGL Background Thread 3 ] DEBUG Engine               - fontText: Courier-Prime.ttf
01:16:56.249 [FXGL Background Thread 3 ] DEBUG Engine               - fontUI: VarelaRound-Regular.ttf
01:16:56.249 [FXGL Background Thread 3 ] DEBUG Engine               - fullScreen: BooleanProperty [value: false]
01:16:56.249 [FXGL Background Thread 3 ] DEBUG Engine               - gameDifficulty: MEDIUM
01:16:56.249 [FXGL Background Thread 3 ] DEBUG Engine               - gameDifficultyProperty: ObjectProperty [value: MEDIUM]
01:16:56.249 [FXGL Background Thread 3 ] DEBUG Engine               - globalMusicVolume: 0.5
01:16:56.249 [FXGL Background Thread 3 ] DEBUG Engine               - globalMusicVolumeProperty: DoubleProperty [value: 0.5]
01:16:56.249 [FXGL Background Thread 3 ] DEBUG Engine               - globalSoundVolume: 0.5
01:16:56.249 [FXGL Background Thread 3 ] DEBUG Engine               - globalSoundVolumeProperty: DoubleProperty [value: 0.5]
01:16:56.249 [FXGL Background Thread 3 ] DEBUG Engine               - height: 980
01:16:56.249 [FXGL Background Thread 3 ] DEBUG Engine               - is3D: false
01:16:56.250 [FXGL Background Thread 3 ] DEBUG Engine               - isAndroid: false
01:16:56.250 [FXGL Background Thread 3 ] DEBUG Engine               - isBrowser: false
01:16:56.250 [FXGL Background Thread 3 ] DEBUG Engine               - isClickFeedbackEnabled: false
01:16:56.250 [FXGL Background Thread 3 ] DEBUG Engine               - isCloseConfirmation: false
01:16:56.250 [FXGL Background Thread 3 ] DEBUG Engine               - isDesktop: true
01:16:56.250 [FXGL Background Thread 3 ] DEBUG Engine               - isDeveloperMenuEnabled: false
01:16:56.250 [FXGL Background Thread 3 ] DEBUG Engine               - isEmbedded: false
01:16:56.250 [FXGL Background Thread 3 ] DEBUG Engine               - isEntityPreloadEnabled: true
01:16:56.250 [FXGL Background Thread 3 ] DEBUG Engine               - isExperimentalTiledLargeMap: false
01:16:56.250 [FXGL Background Thread 3 ] DEBUG Engine               - isFileSystemWriteAllowed: true
01:16:56.250 [FXGL Background Thread 3 ] DEBUG Engine               - isFullScreenAllowed: false
01:16:56.250 [FXGL Background Thread 3 ] DEBUG Engine               - isFullScreenFromStart: false
01:16:56.250 [FXGL Background Thread 3 ] DEBUG Engine               - isGameMenuEnabled: true
01:16:56.251 [FXGL Background Thread 3 ] DEBUG Engine               - isIOS: false
01:16:56.251 [FXGL Background Thread 3 ] DEBUG Engine               - isIntroEnabled: false
01:16:56.251 [FXGL Background Thread 3 ] DEBUG Engine               - isLinux: false
01:16:56.251 [FXGL Background Thread 3 ] DEBUG Engine               - isMac: false
01:16:56.251 [FXGL Background Thread 3 ] DEBUG Engine               - isMainMenuEnabled: false
01:16:56.251 [FXGL Background Thread 3 ] DEBUG Engine               - isManualResizeEnabled: false
01:16:56.251 [FXGL Background Thread 3 ] DEBUG Engine               - isMobile: false
01:16:56.251 [FXGL Background Thread 3 ] DEBUG Engine               - isNative: false
01:16:56.251 [FXGL Background Thread 3 ] DEBUG Engine               - isPauseMusicWhenMinimized: true
01:16:56.251 [FXGL Background Thread 3 ] DEBUG Engine               - isPreserveResizeRatio: false
01:16:56.251 [FXGL Background Thread 3 ] DEBUG Engine               - isProfilingEnabled: false
01:16:56.251 [FXGL Background Thread 3 ] DEBUG Engine               - isScaleAffectedOnResize: true
01:16:56.251 [FXGL Background Thread 3 ] DEBUG Engine               - isSingleStep: false
01:16:56.251 [FXGL Background Thread 3 ] DEBUG Engine               - isUserProfileEnabled: false
01:16:56.252 [FXGL Background Thread 3 ] DEBUG Engine               - isWindows: true
01:16:56.252 [FXGL Background Thread 3 ] DEBUG Engine               - language: ObjectProperty [value: CHINESE]
01:16:56.252 [FXGL Background Thread 3 ] DEBUG Engine               - menuKey: ESCAPE
01:16:56.252 [FXGL Background Thread 3 ] DEBUG Engine               - mouseSensitivity: 0.2
01:16:56.252 [FXGL Background Thread 3 ] DEBUG Engine               - notificationViewClass: class com.almasb.fxgl.notification.view.XboxNotificationView
01:16:56.252 [FXGL Background Thread 3 ] DEBUG Engine               - pixelsPerMeter: 50.0
01:16:56.252 [FXGL Background Thread 3 ] DEBUG Engine               - platform: WINDOWS
01:16:56.252 [FXGL Background Thread 3 ] DEBUG Engine               - prefHeightProperty: ReadOnlyDoubleProperty [value: 980.0]
01:16:56.252 [FXGL Background Thread 3 ] DEBUG Engine               - prefWidthProperty: ReadOnlyDoubleProperty [value: 1900.0]
01:16:56.252 [FXGL Background Thread 3 ] DEBUG Engine               - profileDir: profiles/
01:16:56.253 [FXGL Background Thread 3 ] DEBUG Engine               - profileName: StringProperty [value: DEFAULT]
01:16:56.253 [FXGL Background Thread 3 ] DEBUG Engine               - randomSeed: -1
01:16:56.254 [FXGL Background Thread 3 ] DEBUG Engine               - runtimeInfo: RuntimeInfo(platform=WINDOWS, version=17.3, build=30.03.2023 11.49)
01:16:56.254 [FXGL Background Thread 3 ] DEBUG Engine               - saveFileExt: sav
01:16:56.254 [FXGL Background Thread 3 ] DEBUG Engine               - scaledHeightProp$fxgl: DoubleProperty [bound, value: 880.0]
01:16:56.254 [FXGL Background Thread 3 ] DEBUG Engine               - scaledWidthProp$fxgl: DoubleProperty [bound, value: 1682.0]
01:16:56.254 [FXGL Background Thread 3 ] DEBUG Engine               - sceneFactory: com.almasb.fxgl.app.scene.SceneFactory@403d3cf9
01:16:56.254 [FXGL Background Thread 3 ] DEBUG Engine               - secondsIn24h: 60
01:16:56.254 [FXGL Background Thread 3 ] DEBUG Engine               - soundMenuBack: menu/back.wav
01:16:56.255 [FXGL Background Thread 3 ] DEBUG Engine               - soundMenuPress: menu/press.wav
01:16:56.255 [FXGL Background Thread 3 ] DEBUG Engine               - soundMenuSelect: menu/select.wav
01:16:56.255 [FXGL Background Thread 3 ] DEBUG Engine               - soundNotification: core/notification.wav
01:16:56.255 [FXGL Background Thread 3 ] DEBUG Engine               - stageStyle: DECORATED
01:16:56.255 [FXGL Background Thread 3 ] DEBUG Engine               - supportedLanguages: [CHINESE, ENGLISH, FRENCH, GERMAN, HUNGARIAN, RUSSIAN]
01:16:56.255 [FXGL Background Thread 3 ] DEBUG Engine               - ticksPerSecond: -1
01:16:56.255 [FXGL Background Thread 3 ] DEBUG Engine               - title: 卡牌冒险
01:16:56.255 [FXGL Background Thread 3 ] DEBUG Engine               - urlGithub: https://github.com/AlmasB/FXGL
01:16:56.255 [FXGL Background Thread 3 ] DEBUG Engine               - urlLeaderboard: http://fxgl-top.herokuapp.com/
01:16:56.255 [FXGL Background Thread 3 ] DEBUG Engine               - urlPOM: https://raw.githubusercontent.com/AlmasB/FXGL/release/README.md
01:16:56.255 [FXGL Background Thread 3 ] DEBUG Engine               - userAppClass: class com.hjc.CardAdventure.CardAdventureApp
01:16:56.255 [FXGL Background Thread 3 ] DEBUG Engine               - version: 0.1
01:16:56.255 [FXGL Background Thread 3 ] DEBUG Engine               - versionCheckDays: 7
01:16:56.255 [FXGL Background Thread 3 ] DEBUG Engine               - width: 1900
01:16:56.255 [FXGL Background Thread 3 ] DEBUG Engine               - Logging services
01:16:56.255 [FXGL Background Thread 3 ] DEBUG Engine               - class com.almasb.fxgl.app.services.FXGLAssetLoaderService
01:16:56.255 [FXGL Background Thread 3 ] DEBUG Engine               - class com.almasb.fxgl.app.FXGLApplication$GameApplicationService
01:16:56.255 [FXGL Background Thread 3 ] DEBUG Engine               - class com.almasb.fxgl.app.services.FXGLDialogService
01:16:56.255 [FXGL Background Thread 3 ] DEBUG Engine               - class com.almasb.fxgl.app.services.IOTaskExecutorService
01:16:56.255 [FXGL Background Thread 3 ] DEBUG Engine               - class com.almasb.fxgl.io.FileSystemService
01:16:56.255 [FXGL Background Thread 3 ] DEBUG Engine               - class com.almasb.fxgl.localization.LocalizationService
01:16:56.255 [FXGL Background Thread 3 ] DEBUG Engine               - class com.almasb.fxgl.app.services.SystemBundleService
01:16:56.255 [FXGL Background Thread 3 ] DEBUG Engine               - class com.almasb.fxgl.profile.SaveLoadService
01:16:56.255 [FXGL Background Thread 3 ] DEBUG Engine               - class com.almasb.fxgl.ui.FXGLUIFactoryServiceProvider
01:16:56.255 [FXGL Background Thread 3 ] DEBUG Engine               - class com.almasb.fxgl.ui.FXGLDialogFactoryServiceProvider
01:16:56.255 [FXGL Background Thread 3 ] DEBUG Engine               - class com.almasb.fxgl.audio.AudioPlayer
01:16:56.255 [FXGL Background Thread 3 ] DEBUG Engine               - class com.almasb.fxgl.notification.impl.NotificationServiceProvider
01:16:56.255 [FXGL Background Thread 3 ] DEBUG Engine               - class com.almasb.fxgl.achievement.AchievementService
01:16:56.256 [FXGL Background Thread 3 ] DEBUG Engine               - class com.almasb.fxgl.cutscene.CutsceneService
01:16:56.256 [FXGL Background Thread 3 ] DEBUG Engine               - class com.almasb.fxgl.minigames.MiniGameService
01:16:56.256 [FXGL Background Thread 3 ] DEBUG Engine               - class com.almasb.fxgl.net.NetService
01:16:56.256 [FXGL Background Thread 3 ] DEBUG Engine               - class com.almasb.fxgl.app.services.UpdaterService
01:16:56.256 [FXGL Background Thread 3 ] DEBUG Engine               - class com.almasb.fxgl.dev.DevService
01:16:57.094 [JavaFX Application Thread] DEBUG FXGLApplication      - Exiting FXGL
01:16:57.094 [JavaFX Application Thread] DEBUG LoopRunner           - Stopping loop
01:16:57.094 [JavaFX Application Thread] DEBUG SystemBundleService  - Saving FXGL system data
01:16:57.095 [JavaFX Application Thread] DEBUG FileSystemAccess     - Writing to: D:\Project\MAVEN_PROJECT\CardAdventure\system\fxgl.bundle
01:16:57.095 [JavaFX Application Thread] DEBUG Async                - Shutting down background threads
01:16:57.096 [JavaFX Application Thread] DEBUG PrimaryStageWindow   - Closing main window
01:16:57.111 [JavaFX Application Thread] DEBUG Logger               - Closing Logger
