01:16:04.461 [main                     ] DEBUG Logger               - Configured Logger
01:16:04.483 [main                     ] DEBUG GameApplication      - Logging settings
Title: 卡牌冒险
Version: 0.1
Width: 1900
Height: 980
Fullscreen: false
Intro: false
Profiling: false
Single step:false
App Mode: DEVELOPER
Menu Key: ESCAPE
Stage Style: DECORATED
Scene Factory: class com.almasb.fxgl.app.scene.SceneFactory

01:16:04.877 [JavaFX Application Thread] DEBUG FXGLApplication      - Initializing FXGL
01:16:04.881 [JavaFX Application Thread] INFO  Engine               - FXGL-17.3 (30.03.2023 11.49) on WINDOWS (J:17.0.6 FX:20)
01:16:04.881 [JavaFX Application Thread] DEBUG Engine               - JRE Vendor Name: Oracle Corporation
01:16:04.881 [JavaFX Application Thread] DEBUG Engine               - Running on OS: Windows 11 version 10.0
01:16:04.882 [JavaFX Application Thread] DEBUG Engine               - Architecture: amd64
01:16:04.882 [JavaFX Application Thread] INFO  Engine               - Source code and latest versions at: https://github.com/AlmasB/FXGL
01:16:04.882 [JavaFX Application Thread] INFO  Engine               -       Ask questions and discuss at: https://github.com/AlmasB/FXGL/discussions
01:16:04.882 [JavaFX Application Thread] INFO  Engine               -              Join the FXGL chat at: https://gitter.im/AlmasB/FXGL
01:16:04.961 [JavaFX Application Thread] DEBUG PrimaryStageWindow   - Creating a JavaFX scene
01:16:04.961 [JavaFX Application Thread] DEBUG PrimaryStageWindow   - Target size > screen size
01:16:04.996 [JavaFX Application Thread] DEBUG PrimaryStageWindow   - Target settings size: 1900.0 x 980.0
01:16:04.996 [JavaFX Application Thread] DEBUG PrimaryStageWindow   - Scaled scene size:    1682.0 x 880.0
01:16:04.996 [JavaFX Application Thread] DEBUG PrimaryStageWindow   - Scaled ratio: (0.8852631578947369, 0.8979591836734694)
01:16:04.997 [JavaFX Application Thread] DEBUG PrimaryStageWindow   - Set initial scene to FXGLStartupScene
01:16:05.001 [JavaFX Application Thread] DEBUG PrimaryStageWindow   - Opening main window
01:16:05.079 [JavaFX Application Thread] DEBUG PrimaryStageWindow   - Window border size: (14.6666259765625, 37.33331298828125)
01:16:05.080 [JavaFX Application Thread] DEBUG PrimaryStageWindow   - Scaled size: 1682.0 x 880.0
01:16:05.080 [JavaFX Application Thread] DEBUG PrimaryStageWindow   - Scaled ratio: (0.8852631578947369, 0.8979591836734694)
01:16:05.080 [JavaFX Application Thread] DEBUG PrimaryStageWindow   - Scene size: 1682.0 x 880.0
01:16:05.080 [JavaFX Application Thread] DEBUG PrimaryStageWindow   - Stage size: 1696.6666259765625 x 917.3333129882812
01:16:05.085 [FXGL Background Thread 1 ] DEBUG Engine               - Initializing environment variables
01:16:05.116 [FXGL Background Thread 1 ] DEBUG FXGLAssetLoaderServi - User app class for loading assets: class com.hjc.CardAdventure.CardAdventureApp
01:16:05.117 [FXGL Background Thread 1 ] DEBUG GameApplicationServi - Applying CSS: fxgl_dark.css
01:16:05.119 [FXGL Background Thread 1 ] DEBUG FXGLAssetLoaderServi - Loading from file system: jar:file:///C:/Users/HJC/.m2/repository/com/github/almasb/fxgl/17.3/fxgl-17.3.jar!/fxglassets/ui/css/fxgl_dark.css
01:16:05.154 [FXGL Background Thread 1 ] DEBUG GameApplicationServi - Initializing application scenes
01:16:05.220 [FXGL Background Thread 1 ] DEBUG GameWorld            - Game world initialized
01:16:05.261 [FXGL Background Thread 1 ] DEBUG PhysicsWorld         - Physics world initialized: appHeight=980, physics.ppm=50.0
01:16:05.262 [FXGL Background Thread 1 ] DEBUG PhysicsWorld         - Using strategy: BRUTE_FORCE
01:16:05.270 [FXGL Background Thread 1 ] DEBUG GameScene            - Game scene initialized: 1900x980
01:16:05.280 [FXGL Background Thread 1 ] DEBUG FXGL.DefaultMenu     - createMenuBodyGameMenu()
01:16:05.288 [FXGL Background Thread 1 ] DEBUG FXGL.DefaultMenu     - createOptionsMenu()
01:16:05.296 [FXGL Background Thread 1 ] DEBUG FXGLAssetLoaderServi - Loading from file system: jar:file:///C:/Users/HJC/.m2/repository/com/github/almasb/fxgl/17.3/fxgl-17.3.jar!/fxglassets/textures/particles/smoke.png
01:16:05.383 [FXGL Background Thread 1 ] DEBUG FXGLAssetLoaderServi - Loading from file system: jar:file:///C:/Users/HJC/.m2/repository/com/github/almasb/fxgl/17.3/fxgl-17.3.jar!/fxglassets/textures/particles/trace_horizontal.png
01:16:05.402 [FXGL Background Thread 1 ] DEBUG GameApplicationServi - Application scenes initialized
01:16:05.412 [FXGL Background Thread 1 ] DEBUG SystemBundleService  - Loading FXGL system data
01:16:05.413 [FXGL Background Thread 1 ] DEBUG FileSystemAccess     - Reading from: D:\Project\MAVEN_PROJECT\CardAdventure\system\fxgl.bundle
01:16:05.416 [FXGL Background Thread 1 ] DEBUG SystemBundleService  - Bundle FXGL: {}
01:16:05.416 [FXGL Background Thread 1 ] DEBUG UpdaterService       - Checking for updates
01:16:05.422 [FXGL Background Thread 4 ] DEBUG FXGLApplication      - Loading fonts
01:16:05.423 [FXGL Background Thread 1 ] DEBUG FXGLApplication      - Loading default localization
01:16:05.423 [FXGL Background Thread 4 ] DEBUG FXGLAssetLoaderServi - Loading from file system: jar:file:///C:/Users/HJC/.m2/repository/com/github/almasb/fxgl/17.3/fxgl-17.3.jar!/fxglassets/ui/fonts/VarelaRound-Regular.ttf
01:16:05.424 [FXGL Background Thread 1 ] DEBUG FXGLAssetLoaderServi - Loading from file system: file:/D:/Project/MAVEN_PROJECT/CardAdventure/target/classes/assets/languages/chinese.lang
01:16:05.429 [FXGL Background Thread 4 ] DEBUG FXGLAssetLoaderServi - Loading from file system: jar:file:///C:/Users/HJC/.m2/repository/com/github/almasb/fxgl/17.3/fxgl-17.3.jar!/fxglassets/ui/fonts/Abel-Regular.ttf
01:16:05.433 [FXGL Background Thread 4 ] DEBUG FXGLAssetLoaderServi - Loading from file system: jar:file:///C:/Users/HJC/.m2/repository/com/github/almasb/fxgl/17.3/fxgl-17.3.jar!/fxglassets/ui/fonts/TerminalLandMono-Regular.otf
01:16:05.435 [FXGL Background Thread 4 ] DEBUG FXGLAssetLoaderServi - Loading from file system: jar:file:///C:/Users/HJC/.m2/repository/com/github/almasb/fxgl/17.3/fxgl-17.3.jar!/fxglassets/ui/fonts/Courier-Prime.ttf
01:16:05.445 [JavaFX Application Thread] DEBUG FXGLApplication      - Registering font factories with UI factory
01:16:05.468 [FXGL Background Thread 1 ] INFO  FXGLApplication      - FXGL initialization took: 0.382 sec
01:16:05.469 [JavaFX Application Thread] DEBUG FXGLAssetLoaderServi - Loading from file system: file:/D:/Project/MAVEN_PROJECT/CardAdventure/target/classes/assets/textures/role/enemy/forestWolf.png
01:16:05.482 [JavaFX Application Thread] DEBUG FXGLAssetLoaderServi - Loading from file system: jar:file:///C:/Users/HJC/.m2/repository/com/github/almasb/fxgl/17.3/fxgl-17.3.jar!/fxglassets/textures/fxgl_default_cursor.png
01:16:05.505 [JavaFX Application Thread] DEBUG Input                - Registered new binding: Screenshot - CTRL+8
01:16:05.509 [JavaFX Application Thread] DEBUG Input                - Registered new binding: System info dump - CTRL+9
01:16:05.509 [JavaFX Application Thread] DEBUG Input                - Registered new binding: Restart - CTRL+R
01:16:05.510 [JavaFX Application Thread] DEBUG Input                - Registered new binding: Toggle Debug Camera - CTRL+7
01:16:05.512 [JavaFX Application Thread] DEBUG LoopRunner           - Starting loop
01:16:05.512 [JavaFX Application Thread] DEBUG LoopRunner           - Initializing JavaFX AnimationTimerLoop
01:16:05.513 [JavaFX Application Thread] DEBUG GameApplicationServi - Starting new game
01:16:05.513 [JavaFX Application Thread] DEBUG Input                - Clearing active input actions
01:16:05.526 [JavaFX Application Thread] DEBUG GameApplicationServi - Removing overlay from FXGLStartupScene and adding to FXGLLoadingScene
01:16:05.527 [JavaFX Application Thread] DEBUG PrimaryStageWindow   - FXGLStartupScene -> FXGLLoadingScene
01:16:05.527 [JavaFX Application Thread] DEBUG GameApplicationServi - Clearing previous game
01:16:05.528 [JavaFX Application Thread] DEBUG GameScene            - Clearing game scene
01:16:05.528 [JavaFX Application Thread] DEBUG GameWorld            - Clearing game world
01:16:05.528 [JavaFX Application Thread] DEBUG PhysicsWorld         - Clearing physics world
01:16:05.530 [FXGL Background Thread 1 ] DEBUG FXGLApplication      - Initializing game
01:16:05.553 [FXGL Background Thread 1 ] DEBUG FXGLAssetLoaderServi - Loading JSON from: file:/D:/Project/MAVEN_PROJECT/CardAdventure/target/classes/assets/data/player/soldier.json
01:16:05.790 [FXGL Background Thread 1 ] DEBUG FXGLAssetLoaderServi - Loading from file system: file:/D:/Project/MAVEN_PROJECT/CardAdventure/target/classes/assets/textures/information/playerBlood.png
01:16:05.794 [FXGL Background Thread 1 ] DEBUG FXGLAssetLoaderServi - Loading from file system: file:/D:/Project/MAVEN_PROJECT/CardAdventure/target/classes/assets/textures/information/gold.png
01:16:05.804 [FXGL Background Thread 1 ] DEBUG FXGLAssetLoaderServi - Loading JSON from: file:/D:/Project/MAVEN_PROJECT/CardAdventure/target/classes/assets/data/configuration/forest/spring.json
01:16:05.815 [FXGL Background Thread 1 ] DEBUG FXGLAssetLoaderServi - Loading JSON from: file:/D:/Project/MAVEN_PROJECT/CardAdventure/target/classes/assets/data/enemy/forestWolf1.json
01:16:05.824 [FXGL Background Thread 1 ] DEBUG FXGLAssetLoaderServi - Loading JSON from: file:/D:/Project/MAVEN_PROJECT/CardAdventure/target/classes/assets/data/configuration/intention/forestWolf1.json
01:16:05.832 [FXGL Background Thread 1 ] DEBUG FXGLAssetLoaderServi - Loading from file system: file:/D:/Project/MAVEN_PROJECT/CardAdventure/target/classes/assets/textures/battle/playerAttributeBox.png
01:16:05.864 [FXGL Background Thread 1 ] DEBUG FXGLAssetLoaderServi - Loading from file system: file:/D:/Project/MAVEN_PROJECT/CardAdventure/target/classes/assets/textures/battle/cardBox.png
01:16:05.877 [FXGL Background Thread 1 ] DEBUG FXGLAssetLoaderServi - Loading from file system: file:/D:/Project/MAVEN_PROJECT/CardAdventure/target/classes/assets/textures/cardBack/cardBackRed.png
01:16:05.895 [FXGL Background Thread 1 ] DEBUG FXGLAssetLoaderServi - Loading from file system: file:/D:/Project/MAVEN_PROJECT/CardAdventure/target/classes/assets/textures/battle/buttonDark.png
01:16:05.903 [FXGL Background Thread 1 ] DEBUG FXGLAssetLoaderServi - Loading from file system: file:/D:/Project/MAVEN_PROJECT/CardAdventure/target/classes/assets/textures/battle/hourglass.png
01:16:06.187 [FXGL Background Thread 1 ] DEBUG FXGLAssetLoaderServi - Loading from file system: file:/D:/Project/MAVEN_PROJECT/CardAdventure/target/classes/assets/textures/role/targetDark.png
01:16:06.193 [FXGL Background Thread 1 ] DEBUG FXGLAssetLoaderServi - Loading from file system: file:/D:/Project/MAVEN_PROJECT/CardAdventure/target/classes/assets/textures/role/player/soldier.png
01:16:06.196 [FXGL Background Thread 1 ] DEBUG FXGLAssetLoaderServi - Loading from file system: file:/D:/Project/MAVEN_PROJECT/CardAdventure/target/classes/assets/textures/role/enemy/forestWolf.png
01:16:06.197 [FXGL Background Thread 1 ] INFO  FXGLApplication      - Game initialization took: 0.668 sec
01:16:06.198 [JavaFX Application Thread] DEBUG Input                - Clearing active input actions
01:16:06.210 [JavaFX Application Thread] DEBUG GameApplicationServi - Removing overlay from FXGLLoadingScene and adding to GameScene
01:16:06.210 [JavaFX Application Thread] DEBUG PrimaryStageWindow   - FXGLLoadingScene -> GameScene
01:16:08.421 [FXGL Background Thread 3 ] DEBUG Engine               - Logging environment variables
01:16:08.424 [FXGL Background Thread 3 ] DEBUG Engine               - achievements: []
01:16:08.424 [FXGL Background Thread 3 ] DEBUG Engine               - actualHeight: 880.0
01:16:08.424 [FXGL Background Thread 3 ] DEBUG Engine               - actualHeightProperty: ReadOnlyDoubleProperty [value: 880.0]
01:16:08.424 [FXGL Background Thread 3 ] DEBUG Engine               - actualWidth: 1682.0
01:16:08.425 [FXGL Background Thread 3 ] DEBUG Engine               - actualWidthProperty: ReadOnlyDoubleProperty [value: 1682.0]
01:16:08.425 [FXGL Background Thread 3 ] DEBUG Engine               - appIcon: role/enemy/forestWolf.png
01:16:08.425 [FXGL Background Thread 3 ] DEBUG Engine               - applicationMode: DEVELOPER
01:16:08.425 [FXGL Background Thread 3 ] DEBUG Engine               - cSSList: [fxgl_dark.css]
01:16:08.425 [FXGL Background Thread 3 ] DEBUG Engine               - collisionDetectionStrategy: BRUTE_FORCE
01:16:08.425 [FXGL Background Thread 3 ] DEBUG Engine               - configClass: Optional.empty
01:16:08.425 [FXGL Background Thread 3 ] DEBUG Engine               - credits: []
01:16:08.427 [FXGL Background Thread 3 ] DEBUG Engine               - defaultCursor: CursorInfo(imageName=fxgl_default_cursor.png, hotspotX=7.0, hotspotY=6.0)
01:16:08.427 [FXGL Background Thread 3 ] DEBUG Engine               - devBBoxColorProperty: ObjectProperty [value: 0xff0000ff]
01:16:08.427 [FXGL Background Thread 3 ] DEBUG Engine               - devEnableDebugCameraProperty: BooleanProperty [value: false]
01:16:08.428 [FXGL Background Thread 3 ] DEBUG Engine               - devSensorColorProperty: ObjectProperty [value: 0xffff00ff]
01:16:08.428 [FXGL Background Thread 3 ] DEBUG Engine               - devShowBBoxProperty: BooleanProperty [value: false]
01:16:08.428 [FXGL Background Thread 3 ] DEBUG Engine               - devShowPositionProperty: BooleanProperty [value: false]
01:16:08.430 [FXGL Background Thread 3 ] DEBUG Engine               - enabledMenuItems: []
01:16:08.430 [FXGL Background Thread 3 ] DEBUG Engine               - engineServices: [class com.almasb.fxgl.app.services.FXGLAssetLoaderService, class com.almasb.fxgl.app.FXGLApplication$GameApplicationService, class com.almasb.fxgl.app.services.FXGLDialogService, class com.almasb.fxgl.app.services.IOTaskExecutorService, class com.almasb.fxgl.io.FileSystemService, class com.almasb.fxgl.localization.LocalizationService, class com.almasb.fxgl.app.services.SystemBundleService, class com.almasb.fxgl.profile.SaveLoadService, class com.almasb.fxgl.ui.FXGLUIFactoryServiceProvider, class com.almasb.fxgl.ui.FXGLDialogFactoryServiceProvider, class com.almasb.fxgl.audio.AudioPlayer, class com.almasb.fxgl.notification.impl.NotificationServiceProvider, class com.almasb.fxgl.achievement.AchievementService, class com.almasb.fxgl.cutscene.CutsceneService, class com.almasb.fxgl.minigames.MiniGameService, class com.almasb.fxgl.net.NetService, class com.almasb.fxgl.app.services.UpdaterService, class com.almasb.fxgl.dev.DevService]
01:16:08.430 [FXGL Background Thread 3 ] DEBUG Engine               - fontGame: Abel-Regular.ttf
01:16:08.430 [FXGL Background Thread 3 ] DEBUG Engine               - fontMono: TerminalLandMono-Regular.otf
01:16:08.430 [FXGL Background Thread 3 ] DEBUG Engine               - fontSizeScaleUI: 1.0
01:16:08.430 [FXGL Background Thread 3 ] DEBUG Engine               - fontText: Courier-Prime.ttf
01:16:08.430 [FXGL Background Thread 3 ] DEBUG Engine               - fontUI: VarelaRound-Regular.ttf
01:16:08.430 [FXGL Background Thread 3 ] DEBUG Engine               - fullScreen: BooleanProperty [value: false]
01:16:08.430 [FXGL Background Thread 3 ] DEBUG Engine               - gameDifficulty: MEDIUM
01:16:08.430 [FXGL Background Thread 3 ] DEBUG Engine               - gameDifficultyProperty: ObjectProperty [value: MEDIUM]
01:16:08.430 [FXGL Background Thread 3 ] DEBUG Engine               - globalMusicVolume: 0.5
01:16:08.430 [FXGL Background Thread 3 ] DEBUG Engine               - globalMusicVolumeProperty: DoubleProperty [value: 0.5]
01:16:08.431 [FXGL Background Thread 3 ] DEBUG Engine               - globalSoundVolume: 0.5
01:16:08.431 [FXGL Background Thread 3 ] DEBUG Engine               - globalSoundVolumeProperty: DoubleProperty [value: 0.5]
01:16:08.431 [FXGL Background Thread 3 ] DEBUG Engine               - height: 980
01:16:08.431 [FXGL Background Thread 3 ] DEBUG Engine               - is3D: false
01:16:08.431 [FXGL Background Thread 3 ] DEBUG Engine               - isAndroid: false
01:16:08.431 [FXGL Background Thread 3 ] DEBUG Engine               - isBrowser: false
01:16:08.431 [FXGL Background Thread 3 ] DEBUG Engine               - isClickFeedbackEnabled: false
01:16:08.431 [FXGL Background Thread 3 ] DEBUG Engine               - isCloseConfirmation: false
01:16:08.431 [FXGL Background Thread 3 ] DEBUG Engine               - isDesktop: true
01:16:08.431 [FXGL Background Thread 3 ] DEBUG Engine               - isDeveloperMenuEnabled: false
01:16:08.431 [FXGL Background Thread 3 ] DEBUG Engine               - isEmbedded: false
01:16:08.432 [FXGL Background Thread 3 ] DEBUG Engine               - isEntityPreloadEnabled: true
01:16:08.432 [FXGL Background Thread 3 ] DEBUG Engine               - isExperimentalTiledLargeMap: false
01:16:08.432 [FXGL Background Thread 3 ] DEBUG Engine               - isFileSystemWriteAllowed: true
01:16:08.432 [FXGL Background Thread 3 ] DEBUG Engine               - isFullScreenAllowed: false
01:16:08.432 [FXGL Background Thread 3 ] DEBUG Engine               - isFullScreenFromStart: false
01:16:08.432 [FXGL Background Thread 3 ] DEBUG Engine               - isGameMenuEnabled: true
01:16:08.432 [FXGL Background Thread 3 ] DEBUG Engine               - isIOS: false
01:16:08.432 [FXGL Background Thread 3 ] DEBUG Engine               - isIntroEnabled: false
01:16:08.432 [FXGL Background Thread 3 ] DEBUG Engine               - isLinux: false
01:16:08.432 [FXGL Background Thread 3 ] DEBUG Engine               - isMac: false
01:16:08.432 [FXGL Background Thread 3 ] DEBUG Engine               - isMainMenuEnabled: false
01:16:08.432 [FXGL Background Thread 3 ] DEBUG Engine               - isManualResizeEnabled: false
01:16:08.433 [FXGL Background Thread 3 ] DEBUG Engine               - isMobile: false
01:16:08.433 [FXGL Background Thread 3 ] DEBUG Engine               - isNative: false
01:16:08.433 [FXGL Background Thread 3 ] DEBUG Engine               - isPauseMusicWhenMinimized: true
01:16:08.433 [FXGL Background Thread 3 ] DEBUG Engine               - isPreserveResizeRatio: false
01:16:08.433 [FXGL Background Thread 3 ] DEBUG Engine               - isProfilingEnabled: false
01:16:08.433 [FXGL Background Thread 3 ] DEBUG Engine               - isScaleAffectedOnResize: true
01:16:08.433 [FXGL Background Thread 3 ] DEBUG Engine               - isSingleStep: false
01:16:08.433 [FXGL Background Thread 3 ] DEBUG Engine               - isUserProfileEnabled: false
01:16:08.433 [FXGL Background Thread 3 ] DEBUG Engine               - isWindows: true
01:16:08.433 [FXGL Background Thread 3 ] DEBUG Engine               - language: ObjectProperty [value: CHINESE]
01:16:08.433 [FXGL Background Thread 3 ] DEBUG Engine               - menuKey: ESCAPE
01:16:08.433 [FXGL Background Thread 3 ] DEBUG Engine               - mouseSensitivity: 0.2
01:16:08.433 [FXGL Background Thread 3 ] DEBUG Engine               - notificationViewClass: class com.almasb.fxgl.notification.view.XboxNotificationView
01:16:08.433 [FXGL Background Thread 3 ] DEBUG Engine               - pixelsPerMeter: 50.0
01:16:08.433 [FXGL Background Thread 3 ] DEBUG Engine               - platform: WINDOWS
01:16:08.433 [FXGL Background Thread 3 ] DEBUG Engine               - prefHeightProperty: ReadOnlyDoubleProperty [value: 980.0]
01:16:08.433 [FXGL Background Thread 3 ] DEBUG Engine               - prefWidthProperty: ReadOnlyDoubleProperty [value: 1900.0]
01:16:08.433 [FXGL Background Thread 3 ] DEBUG Engine               - profileDir: profiles/
01:16:08.433 [FXGL Background Thread 3 ] DEBUG Engine               - profileName: StringProperty [value: DEFAULT]
01:16:08.433 [FXGL Background Thread 3 ] DEBUG Engine               - randomSeed: -1
01:16:08.434 [FXGL Background Thread 3 ] DEBUG Engine               - runtimeInfo: RuntimeInfo(platform=WINDOWS, version=17.3, build=30.03.2023 11.49)
01:16:08.434 [FXGL Background Thread 3 ] DEBUG Engine               - saveFileExt: sav
01:16:08.434 [FXGL Background Thread 3 ] DEBUG Engine               - scaledHeightProp$fxgl: DoubleProperty [bound, value: 880.0]
01:16:08.434 [FXGL Background Thread 3 ] DEBUG Engine               - scaledWidthProp$fxgl: DoubleProperty [bound, value: 1682.0]
01:16:08.434 [FXGL Background Thread 3 ] DEBUG Engine               - sceneFactory: com.almasb.fxgl.app.scene.SceneFactory@232507ae
01:16:08.434 [FXGL Background Thread 3 ] DEBUG Engine               - secondsIn24h: 60
01:16:08.434 [FXGL Background Thread 3 ] DEBUG Engine               - soundMenuBack: menu/back.wav
01:16:08.434 [FXGL Background Thread 3 ] DEBUG Engine               - soundMenuPress: menu/press.wav
01:16:08.434 [FXGL Background Thread 3 ] DEBUG Engine               - soundMenuSelect: menu/select.wav
01:16:08.434 [FXGL Background Thread 3 ] DEBUG Engine               - soundNotification: core/notification.wav
01:16:08.434 [FXGL Background Thread 3 ] DEBUG Engine               - stageStyle: DECORATED
01:16:08.434 [FXGL Background Thread 3 ] DEBUG Engine               - supportedLanguages: [CHINESE, ENGLISH, FRENCH, GERMAN, HUNGARIAN, RUSSIAN]
01:16:08.435 [FXGL Background Thread 3 ] DEBUG Engine               - ticksPerSecond: -1
01:16:08.435 [FXGL Background Thread 3 ] DEBUG Engine               - title: 卡牌冒险
01:16:08.435 [FXGL Background Thread 3 ] DEBUG Engine               - urlGithub: https://github.com/AlmasB/FXGL
01:16:08.435 [FXGL Background Thread 3 ] DEBUG Engine               - urlLeaderboard: http://fxgl-top.herokuapp.com/
01:16:08.435 [FXGL Background Thread 3 ] DEBUG Engine               - urlPOM: https://raw.githubusercontent.com/AlmasB/FXGL/release/README.md
01:16:08.435 [FXGL Background Thread 3 ] DEBUG Engine               - userAppClass: class com.hjc.CardAdventure.CardAdventureApp
01:16:08.435 [FXGL Background Thread 3 ] DEBUG Engine               - version: 0.1
01:16:08.435 [FXGL Background Thread 3 ] DEBUG Engine               - versionCheckDays: 7
01:16:08.435 [FXGL Background Thread 3 ] DEBUG Engine               - width: 1900
01:16:08.435 [FXGL Background Thread 3 ] DEBUG Engine               - Logging services
01:16:08.435 [FXGL Background Thread 3 ] DEBUG Engine               - class com.almasb.fxgl.app.services.FXGLAssetLoaderService
01:16:08.435 [FXGL Background Thread 3 ] DEBUG Engine               - class com.almasb.fxgl.app.FXGLApplication$GameApplicationService
01:16:08.435 [FXGL Background Thread 3 ] DEBUG Engine               - class com.almasb.fxgl.app.services.FXGLDialogService
01:16:08.435 [FXGL Background Thread 3 ] DEBUG Engine               - class com.almasb.fxgl.app.services.IOTaskExecutorService
01:16:08.435 [FXGL Background Thread 3 ] DEBUG Engine               - class com.almasb.fxgl.io.FileSystemService
01:16:08.435 [FXGL Background Thread 3 ] DEBUG Engine               - class com.almasb.fxgl.localization.LocalizationService
01:16:08.435 [FXGL Background Thread 3 ] DEBUG Engine               - class com.almasb.fxgl.app.services.SystemBundleService
01:16:08.435 [FXGL Background Thread 3 ] DEBUG Engine               - class com.almasb.fxgl.profile.SaveLoadService
01:16:08.435 [FXGL Background Thread 3 ] DEBUG Engine               - class com.almasb.fxgl.ui.FXGLUIFactoryServiceProvider
01:16:08.435 [FXGL Background Thread 3 ] DEBUG Engine               - class com.almasb.fxgl.ui.FXGLDialogFactoryServiceProvider
01:16:08.435 [FXGL Background Thread 3 ] DEBUG Engine               - class com.almasb.fxgl.audio.AudioPlayer
01:16:08.435 [FXGL Background Thread 3 ] DEBUG Engine               - class com.almasb.fxgl.notification.impl.NotificationServiceProvider
01:16:08.435 [FXGL Background Thread 3 ] DEBUG Engine               - class com.almasb.fxgl.achievement.AchievementService
01:16:08.435 [FXGL Background Thread 3 ] DEBUG Engine               - class com.almasb.fxgl.cutscene.CutsceneService
01:16:08.435 [FXGL Background Thread 3 ] DEBUG Engine               - class com.almasb.fxgl.minigames.MiniGameService
01:16:08.435 [FXGL Background Thread 3 ] DEBUG Engine               - class com.almasb.fxgl.net.NetService
01:16:08.435 [FXGL Background Thread 3 ] DEBUG Engine               - class com.almasb.fxgl.app.services.UpdaterService
01:16:08.435 [FXGL Background Thread 3 ] DEBUG Engine               - class com.almasb.fxgl.dev.DevService
01:16:08.536 [JavaFX Application Thread] DEBUG FXGLApplication      - Exiting FXGL
01:16:08.536 [JavaFX Application Thread] DEBUG LoopRunner           - Stopping loop
01:16:08.536 [JavaFX Application Thread] DEBUG SystemBundleService  - Saving FXGL system data
01:16:08.538 [JavaFX Application Thread] DEBUG FileSystemAccess     - Writing to: D:\Project\MAVEN_PROJECT\CardAdventure\system\fxgl.bundle
01:16:08.539 [JavaFX Application Thread] DEBUG Async                - Shutting down background threads
01:16:08.539 [JavaFX Application Thread] DEBUG PrimaryStageWindow   - Closing main window
01:16:08.570 [JavaFX Application Thread] DEBUG Logger               - Closing Logger
