01:14:04.940 [main                     ] DEBUG Logger               - Configured Logger
01:14:04.963 [main                     ] DEBUG GameApplication      - Logging settings
Title: 卡牌冒险
Version: 0.1
Width: 1900
Height: 980
Fullscreen: false
Intro: false
Profiling: false
Single step:false
App Mode: DEVELOPER
Menu Key: ESCAPE
Stage Style: DECORATED
Scene Factory: class com.almasb.fxgl.app.scene.SceneFactory

01:14:05.350 [JavaFX Application Thread] DEBUG FXGLApplication      - Initializing FXGL
01:14:05.355 [JavaFX Application Thread] INFO  Engine               - FXGL-17.3 (30.03.2023 11.49) on WINDOWS (J:17.0.6 FX:20)
01:14:05.355 [JavaFX Application Thread] DEBUG Engine               - JRE Vendor Name: Oracle Corporation
01:14:05.355 [JavaFX Application Thread] DEBUG Engine               - Running on OS: Windows 11 version 10.0
01:14:05.355 [JavaFX Application Thread] DEBUG Engine               - Architecture: amd64
01:14:05.355 [JavaFX Application Thread] INFO  Engine               - Source code and latest versions at: https://github.com/AlmasB/FXGL
01:14:05.355 [JavaFX Application Thread] INFO  Engine               -       Ask questions and discuss at: https://github.com/AlmasB/FXGL/discussions
01:14:05.356 [JavaFX Application Thread] INFO  Engine               -              Join the FXGL chat at: https://gitter.im/AlmasB/FXGL
01:14:05.432 [JavaFX Application Thread] DEBUG PrimaryStageWindow   - Creating a JavaFX scene
01:14:05.432 [JavaFX Application Thread] DEBUG PrimaryStageWindow   - Target size > screen size
01:14:05.469 [JavaFX Application Thread] DEBUG PrimaryStageWindow   - Target settings size: 1900.0 x 980.0
01:14:05.470 [JavaFX Application Thread] DEBUG PrimaryStageWindow   - Scaled scene size:    1682.0 x 880.0
01:14:05.470 [JavaFX Application Thread] DEBUG PrimaryStageWindow   - Scaled ratio: (0.8852631578947369, 0.8979591836734694)
01:14:05.471 [JavaFX Application Thread] DEBUG PrimaryStageWindow   - Set initial scene to FXGLStartupScene
01:14:05.473 [JavaFX Application Thread] DEBUG PrimaryStageWindow   - Opening main window
01:14:05.550 [JavaFX Application Thread] DEBUG PrimaryStageWindow   - Window border size: (14.6666259765625, 37.33331298828125)
01:14:05.551 [JavaFX Application Thread] DEBUG PrimaryStageWindow   - Scaled size: 1682.0 x 880.0
01:14:05.551 [JavaFX Application Thread] DEBUG PrimaryStageWindow   - Scaled ratio: (0.8852631578947369, 0.8979591836734694)
01:14:05.551 [JavaFX Application Thread] DEBUG PrimaryStageWindow   - Scene size: 1682.0 x 880.0
01:14:05.551 [JavaFX Application Thread] DEBUG PrimaryStageWindow   - Stage size: 1696.6666259765625 x 917.3333129882812
01:14:05.557 [FXGL Background Thread 1 ] DEBUG Engine               - Initializing environment variables
01:14:05.578 [FXGL Background Thread 1 ] DEBUG FXGLAssetLoaderServi - User app class for loading assets: class com.hjc.CardAdventure.CardAdventureApp
01:14:05.578 [FXGL Background Thread 1 ] DEBUG GameApplicationServi - Applying CSS: fxgl_dark.css
01:14:05.579 [FXGL Background Thread 1 ] DEBUG FXGLAssetLoaderServi - Loading from file system: jar:file:///C:/Users/HJC/.m2/repository/com/github/almasb/fxgl/17.3/fxgl-17.3.jar!/fxglassets/ui/css/fxgl_dark.css
01:14:05.617 [FXGL Background Thread 1 ] DEBUG GameApplicationServi - Initializing application scenes
01:14:05.685 [FXGL Background Thread 1 ] DEBUG GameWorld            - Game world initialized
01:14:05.728 [FXGL Background Thread 1 ] DEBUG PhysicsWorld         - Physics world initialized: appHeight=980, physics.ppm=50.0
01:14:05.729 [FXGL Background Thread 1 ] DEBUG PhysicsWorld         - Using strategy: BRUTE_FORCE
01:14:05.734 [FXGL Background Thread 1 ] DEBUG GameScene            - Game scene initialized: 1900x980
01:14:05.745 [FXGL Background Thread 1 ] DEBUG FXGL.DefaultMenu     - createMenuBodyGameMenu()
01:14:05.752 [FXGL Background Thread 1 ] DEBUG FXGL.DefaultMenu     - createOptionsMenu()
01:14:05.761 [FXGL Background Thread 1 ] DEBUG FXGLAssetLoaderServi - Loading from file system: jar:file:///C:/Users/HJC/.m2/repository/com/github/almasb/fxgl/17.3/fxgl-17.3.jar!/fxglassets/textures/particles/smoke.png
01:14:05.848 [FXGL Background Thread 1 ] DEBUG FXGLAssetLoaderServi - Loading from file system: jar:file:///C:/Users/HJC/.m2/repository/com/github/almasb/fxgl/17.3/fxgl-17.3.jar!/fxglassets/textures/particles/trace_horizontal.png
01:14:05.878 [FXGL Background Thread 1 ] DEBUG GameApplicationServi - Application scenes initialized
01:14:05.887 [FXGL Background Thread 1 ] DEBUG SystemBundleService  - Loading FXGL system data
01:14:05.889 [FXGL Background Thread 1 ] DEBUG FileSystemAccess     - Reading from: D:\Project\MAVEN_PROJECT\CardAdventure\system\fxgl.bundle
01:14:05.893 [FXGL Background Thread 1 ] DEBUG SystemBundleService  - Bundle FXGL: {}
01:14:05.893 [FXGL Background Thread 1 ] DEBUG UpdaterService       - Checking for updates
01:14:05.898 [FXGL Background Thread 4 ] DEBUG FXGLApplication      - Loading fonts
01:14:05.898 [FXGL Background Thread 4 ] DEBUG FXGLAssetLoaderServi - Loading from file system: jar:file:///C:/Users/HJC/.m2/repository/com/github/almasb/fxgl/17.3/fxgl-17.3.jar!/fxglassets/ui/fonts/VarelaRound-Regular.ttf
01:14:05.899 [FXGL Background Thread 1 ] DEBUG FXGLApplication      - Loading default localization
01:14:05.900 [FXGL Background Thread 1 ] DEBUG FXGLAssetLoaderServi - Loading from file system: file:/D:/Project/MAVEN_PROJECT/CardAdventure/target/classes/assets/languages/chinese.lang
01:14:05.905 [FXGL Background Thread 4 ] DEBUG FXGLAssetLoaderServi - Loading from file system: jar:file:///C:/Users/HJC/.m2/repository/com/github/almasb/fxgl/17.3/fxgl-17.3.jar!/fxglassets/ui/fonts/Abel-Regular.ttf
01:14:05.908 [FXGL Background Thread 4 ] DEBUG FXGLAssetLoaderServi - Loading from file system: jar:file:///C:/Users/HJC/.m2/repository/com/github/almasb/fxgl/17.3/fxgl-17.3.jar!/fxglassets/ui/fonts/TerminalLandMono-Regular.otf
01:14:05.910 [FXGL Background Thread 4 ] DEBUG FXGLAssetLoaderServi - Loading from file system: jar:file:///C:/Users/HJC/.m2/repository/com/github/almasb/fxgl/17.3/fxgl-17.3.jar!/fxglassets/ui/fonts/Courier-Prime.ttf
01:14:05.919 [JavaFX Application Thread] DEBUG FXGLApplication      - Registering font factories with UI factory
01:14:05.949 [FXGL Background Thread 1 ] INFO  FXGLApplication      - FXGL initialization took: 0.392 sec
01:14:05.950 [JavaFX Application Thread] DEBUG FXGLAssetLoaderServi - Loading from file system: file:/D:/Project/MAVEN_PROJECT/CardAdventure/target/classes/assets/textures/role/enemy/forestWolf.png
01:14:05.961 [JavaFX Application Thread] DEBUG FXGLAssetLoaderServi - Loading from file system: jar:file:///C:/Users/HJC/.m2/repository/com/github/almasb/fxgl/17.3/fxgl-17.3.jar!/fxglassets/textures/fxgl_default_cursor.png
01:14:05.977 [JavaFX Application Thread] DEBUG Input                - Registered new binding: Screenshot - CTRL+8
01:14:05.978 [JavaFX Application Thread] DEBUG Input                - Registered new binding: System info dump - CTRL+9
01:14:05.978 [JavaFX Application Thread] DEBUG Input                - Registered new binding: Restart - CTRL+R
01:14:05.980 [JavaFX Application Thread] DEBUG Input                - Registered new binding: Toggle Debug Camera - CTRL+7
01:14:05.982 [JavaFX Application Thread] DEBUG LoopRunner           - Starting loop
01:14:05.982 [JavaFX Application Thread] DEBUG LoopRunner           - Initializing JavaFX AnimationTimerLoop
01:14:05.983 [JavaFX Application Thread] DEBUG GameApplicationServi - Starting new game
01:14:05.983 [JavaFX Application Thread] DEBUG Input                - Clearing active input actions
01:14:05.994 [JavaFX Application Thread] DEBUG GameApplicationServi - Removing overlay from FXGLStartupScene and adding to FXGLLoadingScene
01:14:05.994 [JavaFX Application Thread] DEBUG PrimaryStageWindow   - FXGLStartupScene -> FXGLLoadingScene
01:14:05.995 [JavaFX Application Thread] DEBUG GameApplicationServi - Clearing previous game
01:14:05.995 [JavaFX Application Thread] DEBUG GameScene            - Clearing game scene
01:14:05.995 [JavaFX Application Thread] DEBUG GameWorld            - Clearing game world
01:14:05.995 [JavaFX Application Thread] DEBUG PhysicsWorld         - Clearing physics world
01:14:05.998 [FXGL Background Thread 1 ] DEBUG FXGLApplication      - Initializing game
01:14:06.019 [FXGL Background Thread 1 ] DEBUG FXGLAssetLoaderServi - Loading JSON from: file:/D:/Project/MAVEN_PROJECT/CardAdventure/target/classes/assets/data/player/soldier.json
01:14:06.272 [FXGL Background Thread 1 ] DEBUG FXGLAssetLoaderServi - Loading from file system: file:/D:/Project/MAVEN_PROJECT/CardAdventure/target/classes/assets/textures/information/playerBlood.png
01:14:06.276 [FXGL Background Thread 1 ] DEBUG FXGLAssetLoaderServi - Loading from file system: file:/D:/Project/MAVEN_PROJECT/CardAdventure/target/classes/assets/textures/information/gold.png
01:14:06.289 [FXGL Background Thread 1 ] DEBUG FXGLAssetLoaderServi - Loading JSON from: file:/D:/Project/MAVEN_PROJECT/CardAdventure/target/classes/assets/data/configuration/forest/spring.json
01:14:06.301 [FXGL Background Thread 1 ] DEBUG FXGLAssetLoaderServi - Loading JSON from: file:/D:/Project/MAVEN_PROJECT/CardAdventure/target/classes/assets/data/enemy/forestWolf1.json
01:14:06.310 [FXGL Background Thread 1 ] DEBUG FXGLAssetLoaderServi - Loading JSON from: file:/D:/Project/MAVEN_PROJECT/CardAdventure/target/classes/assets/data/configuration/intention/forestWolf1.json
01:14:06.318 [FXGL Background Thread 1 ] DEBUG FXGLAssetLoaderServi - Loading from file system: file:/D:/Project/MAVEN_PROJECT/CardAdventure/target/classes/assets/textures/battle/playerAttributeBox.png
01:14:06.357 [FXGL Background Thread 1 ] DEBUG FXGLAssetLoaderServi - Loading from file system: file:/D:/Project/MAVEN_PROJECT/CardAdventure/target/classes/assets/textures/battle/cardBox.png
01:14:06.374 [FXGL Background Thread 1 ] DEBUG FXGLAssetLoaderServi - Loading from file system: file:/D:/Project/MAVEN_PROJECT/CardAdventure/target/classes/assets/textures/cardBack/cardBackRed.png
01:14:06.396 [FXGL Background Thread 1 ] DEBUG FXGLAssetLoaderServi - Loading from file system: file:/D:/Project/MAVEN_PROJECT/CardAdventure/target/classes/assets/textures/battle/buttonDark.png
01:14:06.412 [FXGL Background Thread 1 ] DEBUG FXGLAssetLoaderServi - Loading from file system: file:/D:/Project/MAVEN_PROJECT/CardAdventure/target/classes/assets/textures/battle/hourglass.png
01:14:06.688 [FXGL Background Thread 1 ] DEBUG FXGLAssetLoaderServi - Loading from file system: file:/D:/Project/MAVEN_PROJECT/CardAdventure/target/classes/assets/textures/role/targetDark.png
01:14:06.694 [FXGL Background Thread 1 ] DEBUG FXGLAssetLoaderServi - Loading from file system: file:/D:/Project/MAVEN_PROJECT/CardAdventure/target/classes/assets/textures/role/player/soldier.png
01:14:06.698 [FXGL Background Thread 1 ] WARN  FXGLAssetLoaderServi - Asset "/assets/textures/role/enemy/forest.png" was not found!
01:14:06.698 [FXGL Background Thread 1 ] WARN  FXGLAssetLoaderServi - Failed to load RESIZABLE_IMAGE
01:14:06.707 [FXGL Background Thread 1 ] INFO  FXGLApplication      - Game initialization took: 0.709 sec
01:14:06.708 [JavaFX Application Thread] DEBUG Input                - Clearing active input actions
01:14:06.728 [JavaFX Application Thread] DEBUG GameApplicationServi - Removing overlay from FXGLLoadingScene and adding to GameScene
01:14:06.728 [JavaFX Application Thread] DEBUG PrimaryStageWindow   - FXGLLoadingScene -> GameScene
01:14:08.542 [JavaFX Application Thread] DEBUG FXGLApplication      - Exiting FXGL
01:14:08.543 [JavaFX Application Thread] DEBUG LoopRunner           - Stopping loop
01:14:08.543 [JavaFX Application Thread] DEBUG SystemBundleService  - Saving FXGL system data
01:14:08.549 [JavaFX Application Thread] DEBUG FileSystemAccess     - Writing to: D:\Project\MAVEN_PROJECT\CardAdventure\system\fxgl.bundle
01:14:08.550 [JavaFX Application Thread] DEBUG Async                - Shutting down background threads
01:14:08.551 [JavaFX Application Thread] DEBUG PrimaryStageWindow   - Closing main window
01:14:08.570 [JavaFX Application Thread] DEBUG Logger               - Closing Logger
